make.exe all --print-data-base --no-builtin-variables --no-builtin-rules --question
make: *** No rule to make target 'all'.  Stop.

# GNU Make 4.3
# Built for Windows32
# Copyright (C) 1988-2020 Free Software Foundation, Inc.
# License GPLv3+: GNU GPL version 3 or later <http://gnu.org/licenses/gpl.html>
# This is free software: you are free to change and redistribute it.
# There is NO WARRANTY, to the extent permitted by law.

# Make data base, printed on Fri May 20 10:35:03 2022

# Variables

# environment
SYSTEMDRIVE = C:
# environment
JAVA_HOME = C:\Program Files\OpenJDK\jdk-18.0.1.1
# environment
LC_ALL = C
# environment
POSH_THEME = C:\Program Files\WindowsPowerShell\Modules\oh-my-posh\themes\agnoster.omp.json
# environment
USERPROFILE = C:\Users\Shadow
# environment
LOCALAPPDATA = C:\Users\Shadow\AppData\Local
# environment
VSCODE_IPC_HOOK_EXTHOST = \\.\pipe\vscode-ipc-2263bfdc-d5db-4260-9b39-888292a1af7c-sock
# environment
WSLENV = WT_SESSION::WT_PROFILE_ID
# environment
VSCODE_CWD = C:\Users\Shadow\Documents\GIT\Inutile-Donc-Indispensable\manger
# environment
PYTHON = C:\Python310
# environment
CHOCOLATEYINSTALL = C:\ProgramData\chocolatey
# environment
SYSTEMROOT = C:\Windows
# environment
PROCESSOR_LEVEL = 6
# environment
PSMODULEPATH = C:\Users\Shadow\Documents\WindowsPowerShell\Modules;C:\Program Files\WindowsPowerShell\Modules;C:\Windows\system32\WindowsPowerShell\v1.0\Modules
# default
MAKE_COMMAND := c:/programdata/chocolatey/lib/make/tools/install/bin/make.exe
# environment
GOPATH = C:\Users\Shadow\go
# automatic
@D = $(patsubst %/,%,$(patsubst %\,%,$(dir $@)))
# environment
CHROME_CRASHPAD_PIPE_NAME = \\.\pipe\crashpad_17208_CMZXXBFYEESCUAPK
# environment
VSCODE_HANDLES_UNCAUGHT_ERRORS = true
# default
.VARIABLES := 
# automatic
%D = $(patsubst %/,%,$(patsubst %\,%,$(dir $%)))
# automatic
^D = $(patsubst %/,%,$(patsubst %\,%,$(dir $^)))
# environment
VSCODE_LOG_STACK = false
# automatic
%F = $(notdir $%)
# environment
CONDA_PROMPT_MODIFIER = False
# environment
VSCODE_CODE_CACHE_PATH = C:\Users\Shadow\AppData\Roaming\Code\CachedData\c3511e6c69bb39013c4a4b7b9566ec1ca73fc4d5
# environment
LANG = C
# default
.LOADED := 
# environment
TMP = C:\Users\Shadow\AppData\Local\Temp
# default
.INCLUDE_DIRS = .
# environment
PROCESSOR_ARCHITEW6432 = AMD64
# makefile
MAKEFLAGS = pqrR
# environment
ONEDRIVE = C:\Users\Shadow\OneDrive
# makefile
CURDIR := c:/Users/Shadow/Documents/GIT/Inutile-Donc-Indispensable/manger
# environment
VSCODE_PIPE_LOGGING = true
# environment
APPLICATION_INSIGHTS_NO_DIAGNOSTIC_CHANNEL = true
# environment
POWERLINE_COMMAND = oh-my-posh
# automatic
*D = $(patsubst %/,%,$(patsubst %\,%,$(dir $*)))
# environment
PROGRAMFILES = C:\Program Files (x86)
# environment
MFLAGS = -pqrR
# default
.SHELLFLAGS := -c
# environment
COMMONPROGRAMW6432 = C:\Program Files\Common Files
# automatic
+D = $(patsubst %/,%,$(patsubst %\,%,$(dir $+)))
# makefile (from 'Makefile', line 1)
MAKEFILE_LIST := Makefile
# automatic
@F = $(notdir $@)
# environment
VSCODE_VERBOSE_LOGGING = true
# environment
VSCODE_PID = 17208
# automatic
?D = $(patsubst %/,%,$(patsubst %\,%,$(dir $?)))
# environment
POSH_THEMES_PATH = C:\Program Files\WindowsPowerShell\Modules\oh-my-posh/themes
# environment
WT_PROFILE_ID = {61c54bbd-c2c6-5271-96e7-009a87ff44bf}
# automatic
*F = $(notdir $*)
# automatic
<D = $(patsubst %/,%,$(patsubst %\,%,$(dir $<)))
# environment
VSCODE_NLS_CONFIG = {"locale":"fr","availableLanguages":{"*":"fr"},"_languagePackId":"25fe6a3290ec415596628d4afc87a88c.fr","_translationsConfigFile":"C:\\Users\\Shadow\\AppData\\Roaming\\Code\\clp\\25fe6a3290ec415596628d4afc87a88c.fr\\tcf.json","_cacheRoot":"C:\\Users\\Shadow\\AppData\\Roaming\\Code\\clp\\25fe6a3290ec415596628d4afc87a88c.fr","_resolvedLanguagePackCoreLocation":"C:\\Users\\Shadow\\AppData\\Roaming\\Code\\clp\\25fe6a3290ec415596628d4afc87a88c.fr\\c3511e6c69bb39013c4a4b7b9566ec1ca73fc4d5","_corruptedFile":"C:\\Users\\Shadow\\AppData\\Roaming\\Code\\clp\\25fe6a3290ec415596628d4afc87a88c.fr\\corrupted.info","_languagePackSupport":true}
# environment
POSH_GIT_ENABLED = False
# default
MAKE_HOST := Windows32
# environment
PROGRAMDATA = C:\ProgramData
# default
SHELL := sh.exe
# environment
HOMEPATH = \Users\Shadow
# default
MAKECMDGOALS := all
# environment
DRIVERDATA = C:\Windows\System32\Drivers\DriverData
# environment
COMSPEC = C:\Windows\system32\cmd.exe
# environment
WINDIR = C:\Windows
# environment
MAKELEVEL := 0
# default
MAKE = $(MAKE_COMMAND)
# environment
PATH = C:\Program Files\WindowsPowerShell\Modules\oh-my-posh;c:\program files (x86)\common files\oracle\java\javapath;c:\python310\scripts\;c:\python310\;c:\windows\system32;c:\windows;c:\windows\system32\wbem;c:\windows\system32\windowspowershell\v1.0\;c:\windows\system32\openssh\;c:\programdata\chocolatey\bin;c:\program files\microsoft vs code\bin;c:\program files\dotnet\;c:\program files (x86)\dotnet\;c:\tools\bcurran3;c:\strawberry\c\bin;c:\strawberry\perl\site\bin;c:\strawberry\perl\bin;c:\program files\postgresql\14\bin;c:\program files\mariadb 10.7\bin;c:\program files (x86)\yarn\bin\;c:\program files (x86)\gnupg\bin;c:\program files\amazon\awscliv2\;c:\tools\php81;c:\program files\git\cmd;c:\program files\openjdk\jdk-18\bin;C:\Program Files\Microsoft VS Code\bin;C:\Program Files\nodejs\;C:\Program Files\Git\cmd;C:\Program Files (x86)\gnupg\bin;C:\Program Files\OpenJDK\jdk-18.0.1.1\bin;C:\Program Files\Gource\cmd;C:\Program Files\Go\bin;C:\Python310\python.exe;C:\Users\Shadow\AppData\Local\Programs\MiKTeX\miktex\bin\x64\;C:\Users\Shadow\go\bin
# environment
COMPUTERNAME = MEMOIRE2022
# default
MAKEFILES := 
# automatic
^F = $(notdir $^)
# environment
PROMPT = $P$G
# environment
OPENSSL_CONF = C:\Program Files\OpenSSL-Win64\bin\openssl.cfg
# environment
CHOCOLATEYLASTPATHUPDATE = 132968469107448351
# environment
WT_SESSION = 92a09e3b-9467-4fcd-8f28-cfa4074faee0
# environment
LOGONSERVER = \\MEMOIRE2022
# environment
VSCODE_LOG_NATIVE = false
# environment
USERNAME = Joel
# environment
COMMONPROGRAMFILES = C:\Program Files (x86)\Common Files
# automatic
?F = $(notdir $?)
# environment
PROGRAMW6432 = C:\Program Files
# environment
PATHEXT = .COM;.EXE;.BAT;.CMD;.VBS;.VBE;.JS;.JSE;.WSF;.WSH;.MSC;.PY;.PYW;.CPL
# automatic
+F = $(notdir $+)
# environment
ORIGINAL_XDG_CURRENT_DESKTOP = undefined
# environment
USERDOMAIN = MEMOIRE2022
# 'override' directive
GNUMAKEFLAGS := 
# environment
OS = Windows_NT
# makefile
.DEFAULT_GOAL := build
# default
MAKE_VERSION := 4.3
# environment
PROGRAMFILES(X86) = C:\Program Files (x86)
# environment
POSH_PATH = C:\Program Files\WindowsPowerShell\Modules\oh-my-posh
# environment
USERDOMAIN_ROAMINGPROFILE = MEMOIRE2022
# environment
NUMBER_OF_PROCESSORS = 8
# environment
PUBLIC = C:\Users\Public
# environment
APPDATA = C:\Users\Shadow\AppData\Roaming
# environment
HOMEDRIVE = C:
# environment
PROCESSOR_ARCHITECTURE = x86
# environment
VSCODE_AMD_ENTRYPOINT = vs/workbench/api/node/extensionHostProcess
# environment
COMMONPROGRAMFILES(X86) = C:\Program Files (x86)\Common Files
# environment
ELECTRON_RUN_AS_NODE = 1
# environment
TEMP = C:\Users\Shadow\AppData\Local\Temp
# environment
VSCODE_IPC_HOOK = \\.\pipe\5f6958066a4253a093077238cbfe71e4-1.67.2-main-sock
# default
.RECIPEPREFIX := 
# automatic
<F = $(notdir $<)
# default
SUFFIXES := 
# environment
ALLUSERSPROFILE = C:\ProgramData
# environment
VSCODE_CLI = 1
# environment
ELECTRON_NO_ATTACH_CONSOLE = 1
# default
.FEATURES := target-specific order-only second-expansion else-if shortest-stem undefine oneshell nocomment grouped-target extra-prereqs archives jobserver output-sync load
# environment
PROCESSOR_REVISION = 5507
# environment
CHOCOLATEYTOOLSLOCATION = C:\tools
# environment
PROCESSOR_IDENTIFIER = Intel64 Family 6 Model 85 Stepping 7, GenuineIntel
# variable set hash-table stats:
# Load=109/1024=11%, Rehash=0, Collisions=11/136=8%

# Pattern-specific Variable Values

# No pattern-specific variable values.

# Directories

# . (key c:/Users/Shadow/Documents/GIT/Inutile-Donc-Indispensable/manger, mtime 1653035703): 7 files, no impossibilities.

# 7 files, no impossibilities in 1 directories.

# Implicit Rules

# No implicit rules.

# Files

# Not a target:
Makefile:
#  Implicit rule search has been done.
#  Last modified 2022-05-20 10:29:16
#  File has been updated.
#  Successfully updated.

# Not a target:
.DEFAULT:
#  Implicit rule search has not been done.
#  Modification time never checked.
#  File has not been updated.

# Not a target:
all:
#  Command line target.
#  Implicit rule search has been done.
#  File does not exist.
#  File has not been updated.

build:
#  Implicit rule search has not been done.
#  Modification time never checked.
#  File has not been updated.
#  recipe to execute (from 'Makefile', line 2):
	- gcc manger.c -o miam -std=c90 -pedantic -Wall -Werror

# files hash-table stats:
# Load=5/1024=0%, Rehash=0, Collisions=0/15=0%
# VPATH Search Paths

# No 'vpath' search paths.

# No general ('VPATH' variable) search path.

# strcache buffers: 1 (0) / strings = 11 / storage = 79 B / avg = 7 B
# current buf: size = 8174 B / used = 79 B / 
 count = 11 / avg = 7 B

# strcache performance: lookups = 16 / hit rate = 31%
# hash-table stats:
# Load=11/8192=0%, Rehash=0, Collisions=0/16=0%
# Finished Make data base on Fri May 20 10:35:03 2022

 
